<?xml version="1.0" encoding="UTF-8"?>
<beans xmlns="http://www.springframework.org/schema/beans"
	xmlns:xsi="http://www.w3.org/2001/XMLSchema-instance"
	xmlns:aop="http://www.springframework.org/schema/aop"
	xsi:schemaLocation="http://www.springframework.org/schema/beans http://www.springframework.org/schema/beans/spring-beans-2.5.xsd
		http://www.springframework.org/schema/aop http://www.springframework.org/schema/aop/spring-aop-2.5.xsd">
	
	<!-- Mock dependencies of UmtNotificationAspect -->
	<bean id="notificationService" class="org.mockito.Mockito" factory-method="mock">
		<constructor-arg value="org.synyx.minos.core.notification.NotificationService" />
	</bean>
	
	<bean id="configurationService" class="org.mockito.Mockito" factory-method="mock">
		<constructor-arg value="org.synyx.minos.core.configuration.ConfigurationService" />
	</bean>
	
	<bean id="mailSender" class="org.mockito.Mockito" factory-method="mock">
		<constructor-arg value="org.springframework.mail.MailSender" />
	</bean>

</beans>
