<?xml version="1.0" encoding="UTF-8"?>
<beans xmlns="http://www.springframework.org/schema/beans"
	xmlns:xsi="http://www.w3.org/2001/XMLSchema-instance"
	xsi:schemaLocation="http://www.springframework.org/schema/beans http://www.springframework.org/schema/beans/spring-beans-2.0.xsd">

	<bean class="org.synyx.minos.core.module.helper.SampleModuleImpl" />
	
	<bean class="org.synyx.minos.core.module.support.ModulePostProcessor" />
	
	<bean id="pmtDecorator" class="org.synyx.minos.core.module.helper.SamplePMTModuleDecorator" />
	<bean id="calendarDecorator" class="org.synyx.minos.core.module.helper.SampleCalendarModuleDecorator" />

</beans>
