<?xml version="1.0" encoding="UTF-8"?>
<beans xmlns="http://www.springframework.org/schema/beans"
	xmlns:xsi="http://www.w3.org/2001/XMLSchema-instance"
	xmlns:aop="http://www.springframework.org/schema/aop"
	xsi:schemaLocation="http://www.springframework.org/schema/beans http://www.springframework.org/schema/beans/spring-beans-2.5.xsd
		http://www.springframework.org/schema/aop http://www.springframework.org/schema/aop/spring-aop-2.5.xsd">
	
	<!-- Activate event mechanism -->
	<bean class="org.synyx.minos.core.web.event.EventHandlingActivator" />


	<!-- Sample configuration for a "virtual" PMT -->

	<!-- Sample controller of the module  -->
	<bean id="pmtController" class="org.mockito.Mockito" factory-method="mock">
		<qualifier value="pmt" />
		<constructor-arg value="org.springframework.web.servlet.mvc.Controller" />
	</bean>

	<!--
		Register an event handler that is interested in UserCreatedEvents. On receiving
		those events, it will invoke the registered controller.  
	-->
	<bean class="org.synyx.minos.core.web.support.UserCreatedEventHandler">
		<property name="controller" ref="pmtController" />
		<property name="supportedEvent" value="org.synyx.minos.core.web.support.UserCreatedEvent" />
	</bean>
	
	
	<!-- Sample configuration for a "virtual" UMT -->

	<!-- Declaration of a sample controller of some module to be decorated -->
	<bean id="umtController" class="org.mockito.Mockito" factory-method="mock">
		<qualifier value="umt" />
		<constructor-arg value="org.springframework.web.servlet.mvc.Controller" />
	</bean>
	
	<!-- Register an event handler for all events of type SampleEvent -->
	<bean class="org.synyx.minos.core.web.support.ProjectDeletedEventHandler">
		<property name="controller" ref="umtController" />
		<property name="supportedEvent" value="org.synyx.minos.core.web.support.ProjectDeletedEvent" />
	</bean>
	
	<bean class="org.mockito.Mockito" factory-method="mock">
		<constructor-arg value="org.synyx.minos.umt.service.UserManagement" />
	</bean>
	
	<bean id="umt" class="org.synyx.minos.core.module.internal.MinosModule">
        <constructor-arg value="umt" />
    </bean>

</beans>
